-------------------------------------------------------------------------------
Test set: passwordvalidation.PasswordValidationTest
-------------------------------------------------------------------------------
Tests run: 7, Failures: 0, Errors: 7, Skipped: 0, Time elapsed: 0.027 s <<< FAILURE! - in passwordvalidation.PasswordValidationTest
passwordvalidation.PasswordValidationTest.checksIfFourFollowingCharThenFalse  Time elapsed: 0.011 s  <<< ERROR!
java.lang.NoClassDefFoundError: org/junit/Assert
	at passwordvalidation.PasswordValidationTest.checksIfFourFollowingCharThenFalse(PasswordValidationTest.java:84)
Caused by: java.lang.ClassNotFoundException: org.junit.Assert
	at passwordvalidation.PasswordValidationTest.checksIfFourFollowingCharThenFalse(PasswordValidationTest.java:84)

passwordvalidation.PasswordValidationTest.isTheLengthOfThePasswordLongerOrEqualThanEight  Time elapsed: 0.001 s  <<< ERROR!
java.lang.NoClassDefFoundError: org/junit/Assert
	at passwordvalidation.PasswordValidationTest.isTheLengthOfThePasswordLongerOrEqualThanEight(PasswordValidationTest.java:18)
Caused by: java.lang.ClassNotFoundException: org.junit.Assert
	at passwordvalidation.PasswordValidationTest.isTheLengthOfThePasswordLongerOrEqualThanEight(PasswordValidationTest.java:18)

passwordvalidation.PasswordValidationTest.doesThePassWordContainBigCharReturnTrue  Time elapsed: 0.001 s  <<< ERROR!
java.lang.NoClassDefFoundError: org/junit/Assert
	at passwordvalidation.PasswordValidationTest.doesThePassWordContainBigCharReturnTrue(PasswordValidationTest.java:62)
Caused by: java.lang.ClassNotFoundException: org.junit.Assert
	at passwordvalidation.PasswordValidationTest.doesThePassWordContainBigCharReturnTrue(PasswordValidationTest.java:62)

passwordvalidation.PasswordValidationTest.doesThePassWordContainANumReturnTrue  Time elapsed: 0.002 s  <<< ERROR!
java.lang.NoClassDefFoundError: org/junit/Assert
	at passwordvalidation.PasswordValidationTest.doesThePassWordContainANumReturnTrue(PasswordValidationTest.java:40)
Caused by: java.lang.ClassNotFoundException: org.junit.Assert
	at passwordvalidation.PasswordValidationTest.doesThePassWordContainANumReturnTrue(PasswordValidationTest.java:40)

passwordvalidation.PasswordValidationTest.isTheLengthOfThePasswordShorterOrEqualThanEight  Time elapsed: 0.001 s  <<< ERROR!
java.lang.NoClassDefFoundError: org/junit/Assert
	at passwordvalidation.PasswordValidationTest.isTheLengthOfThePasswordShorterOrEqualThanEight(PasswordValidationTest.java:29)
Caused by: java.lang.ClassNotFoundException: org.junit.Assert
	at passwordvalidation.PasswordValidationTest.isTheLengthOfThePasswordShorterOrEqualThanEight(PasswordValidationTest.java:29)

passwordvalidation.PasswordValidationTest.countsNumberOfNums  Time elapsed: 0 s  <<< ERROR!
java.lang.NoClassDefFoundError: org/junit/Assert
	at passwordvalidation.PasswordValidationTest.countsNumberOfNums(PasswordValidationTest.java:73)
Caused by: java.lang.ClassNotFoundException: org.junit.Assert
	at passwordvalidation.PasswordValidationTest.countsNumberOfNums(PasswordValidationTest.java:73)

passwordvalidation.PasswordValidationTest.doesThePassWordContainSmallCharReturnTrue  Time elapsed: 0 s  <<< ERROR!
java.lang.NoClassDefFoundError: org/junit/Assert
	at passwordvalidation.PasswordValidationTest.doesThePassWordContainSmallCharReturnTrue(PasswordValidationTest.java:51)
Caused by: java.lang.ClassNotFoundException: org.junit.Assert
	at passwordvalidation.PasswordValidationTest.doesThePassWordContainSmallCharReturnTrue(PasswordValidationTest.java:51)

