<?xml version="1.0" encoding="UTF-8"?>
<testsuite xmlns:xsi="http://www.w3.org/2001/XMLSchema-instance" xsi:noNamespaceSchemaLocation="https://maven.apache.org/surefire/maven-surefire-plugin/xsd/surefire-test-report-3.0.xsd" version="3.0" name="passwordvalidation.PasswordValidationTest" time="0.027" tests="7" errors="7" skipped="0" failures="0">
  <properties>
    <property name="java.specification.version" value="20"/>
    <property name="sun.jnu.encoding" value="UTF-8"/>
    <property name="java.class.path" value="/Users/hou7man/eclipse-workspace/Neue-Fische-Projects/passwordvalidation/target/test-classes:/Users/hou7man/eclipse-workspace/Neue-Fische-Projects/passwordvalidation/target/classes:/Users/hou7man/.m2/repository/org/junit/jupiter/junit-jupiter-api/5.9.2/junit-jupiter-api-5.9.2.jar:/Users/hou7man/.m2/repository/org/opentest4j/opentest4j/1.2.0/opentest4j-1.2.0.jar:/Users/hou7man/.m2/repository/org/junit/platform/junit-platform-commons/1.9.2/junit-platform-commons-1.9.2.jar:/Users/hou7man/.m2/repository/org/apiguardian/apiguardian-api/1.1.2/apiguardian-api-1.1.2.jar:"/>
    <property name="java.vm.vendor" value="Homebrew"/>
    <property name="sun.arch.data.model" value="64"/>
    <property name="java.vendor.url" value="https://github.com/Homebrew/homebrew-core/issues"/>
    <property name="os.name" value="Mac OS X"/>
    <property name="java.vm.specification.version" value="20"/>
    <property name="sun.java.launcher" value="SUN_STANDARD"/>
    <property name="user.country" value="DE"/>
    <property name="sun.boot.library.path" value="/opt/homebrew/Cellar/openjdk/20/libexec/openjdk.jdk/Contents/Home/lib"/>
    <property name="sun.java.command" value="/Users/hou7man/eclipse-workspace/Neue-Fische-Projects/passwordvalidation/target/surefire/surefirebooter1088135220026695322.jar /Users/hou7man/eclipse-workspace/Neue-Fische-Projects/passwordvalidation/target/surefire 2023-05-04T17-39-26_449-jvmRun1 surefire15254566297592625205tmp surefire_012945745160554162677tmp"/>
    <property name="http.nonProxyHosts" value="local|*.local|169.254/16|*.169.254/16"/>
    <property name="jdk.debug" value="release"/>
    <property name="surefire.test.class.path" value="/Users/hou7man/eclipse-workspace/Neue-Fische-Projects/passwordvalidation/target/test-classes:/Users/hou7man/eclipse-workspace/Neue-Fische-Projects/passwordvalidation/target/classes:/Users/hou7man/.m2/repository/org/junit/jupiter/junit-jupiter-api/5.9.2/junit-jupiter-api-5.9.2.jar:/Users/hou7man/.m2/repository/org/opentest4j/opentest4j/1.2.0/opentest4j-1.2.0.jar:/Users/hou7man/.m2/repository/org/junit/platform/junit-platform-commons/1.9.2/junit-platform-commons-1.9.2.jar:/Users/hou7man/.m2/repository/org/apiguardian/apiguardian-api/1.1.2/apiguardian-api-1.1.2.jar:"/>
    <property name="sun.cpu.endian" value="little"/>
    <property name="user.home" value="/Users/hou7man"/>
    <property name="user.language" value="en"/>
    <property name="java.specification.vendor" value="Oracle Corporation"/>
    <property name="java.version.date" value="2023-03-21"/>
    <property name="java.home" value="/opt/homebrew/Cellar/openjdk/20/libexec/openjdk.jdk/Contents/Home"/>
    <property name="file.separator" value="/"/>
    <property name="basedir" value="/Users/hou7man/eclipse-workspace/Neue-Fische-Projects/passwordvalidation"/>
    <property name="java.vm.compressedOopsMode" value="Zero based"/>
    <property name="line.separator" value="&#10;"/>
    <property name="java.vm.specification.vendor" value="Oracle Corporation"/>
    <property name="java.specification.name" value="Java Platform API Specification"/>
    <property name="apple.awt.application.name" value="ForkedBooter"/>
    <property name="surefire.real.class.path" value="/Users/hou7man/eclipse-workspace/Neue-Fische-Projects/passwordvalidation/target/surefire/surefirebooter1088135220026695322.jar"/>
    <property name="sun.management.compiler" value="HotSpot 64-Bit Tiered Compilers"/>
    <property name="ftp.nonProxyHosts" value="local|*.local|169.254/16|*.169.254/16"/>
    <property name="java.runtime.version" value="20"/>
    <property name="user.name" value="hou7man"/>
    <property name="stdout.encoding" value="UTF-8"/>
    <property name="path.separator" value=":"/>
    <property name="os.version" value="13.0"/>
    <property name="java.runtime.name" value="OpenJDK Runtime Environment"/>
    <property name="file.encoding" value="UTF-8"/>
    <property name="java.vm.name" value="OpenJDK 64-Bit Server VM"/>
    <property name="java.vendor.version" value="Homebrew"/>
    <property name="localRepository" value="/Users/hou7man/.m2/repository"/>
    <property name="java.vendor.url.bug" value="https://github.com/Homebrew/homebrew-core/issues"/>
    <property name="java.io.tmpdir" value="/var/folders/33/9_k07trn4zd2wl9nrkh_p7cw0000gn/T/"/>
    <property name="java.version" value="20"/>
    <property name="user.dir" value="/Users/hou7man/eclipse-workspace/Neue-Fische-Projects/passwordvalidation"/>
    <property name="os.arch" value="aarch64"/>
    <property name="java.vm.specification.name" value="Java Virtual Machine Specification"/>
    <property name="native.encoding" value="UTF-8"/>
    <property name="java.library.path" value="/Users/hou7man/Library/Java/Extensions:/Library/Java/Extensions:/Network/Library/Java/Extensions:/System/Library/Java/Extensions:/usr/lib/java:."/>
    <property name="java.vm.info" value="mixed mode, sharing"/>
    <property name="stderr.encoding" value="UTF-8"/>
    <property name="java.vendor" value="Homebrew"/>
    <property name="java.vm.version" value="20"/>
    <property name="sun.io.unicode.encoding" value="UnicodeBig"/>
    <property name="socksNonProxyHosts" value="local|*.local|169.254/16|*.169.254/16"/>
    <property name="java.class.version" value="64.0"/>
  </properties>
  <testcase name="checksIfFourFollowingCharThenFalse" classname="passwordvalidation.PasswordValidationTest" time="0.011">
    <error type="java.lang.NoClassDefFoundError"><![CDATA[java.lang.NoClassDefFoundError: org/junit/Assert
	at passwordvalidation.PasswordValidationTest.checksIfFourFollowingCharThenFalse(PasswordValidationTest.java:84)
Caused by: java.lang.ClassNotFoundException: org.junit.Assert
	at passwordvalidation.PasswordValidationTest.checksIfFourFollowingCharThenFalse(PasswordValidationTest.java:84)
]]></error>
  </testcase>
  <testcase name="isTheLengthOfThePasswordLongerOrEqualThanEight" classname="passwordvalidation.PasswordValidationTest" time="0.001">
    <error type="java.lang.NoClassDefFoundError"><![CDATA[java.lang.NoClassDefFoundError: org/junit/Assert
	at passwordvalidation.PasswordValidationTest.isTheLengthOfThePasswordLongerOrEqualThanEight(PasswordValidationTest.java:18)
Caused by: java.lang.ClassNotFoundException: org.junit.Assert
	at passwordvalidation.PasswordValidationTest.isTheLengthOfThePasswordLongerOrEqualThanEight(PasswordValidationTest.java:18)
]]></error>
  </testcase>
  <testcase name="doesThePassWordContainBigCharReturnTrue" classname="passwordvalidation.PasswordValidationTest" time="0.001">
    <error type="java.lang.NoClassDefFoundError"><![CDATA[java.lang.NoClassDefFoundError: org/junit/Assert
	at passwordvalidation.PasswordValidationTest.doesThePassWordContainBigCharReturnTrue(PasswordValidationTest.java:62)
Caused by: java.lang.ClassNotFoundException: org.junit.Assert
	at passwordvalidation.PasswordValidationTest.doesThePassWordContainBigCharReturnTrue(PasswordValidationTest.java:62)
]]></error>
  </testcase>
  <testcase name="doesThePassWordContainANumReturnTrue" classname="passwordvalidation.PasswordValidationTest" time="0.002">
    <error type="java.lang.NoClassDefFoundError"><![CDATA[java.lang.NoClassDefFoundError: org/junit/Assert
	at passwordvalidation.PasswordValidationTest.doesThePassWordContainANumReturnTrue(PasswordValidationTest.java:40)
Caused by: java.lang.ClassNotFoundException: org.junit.Assert
	at passwordvalidation.PasswordValidationTest.doesThePassWordContainANumReturnTrue(PasswordValidationTest.java:40)
]]></error>
  </testcase>
  <testcase name="isTheLengthOfThePasswordShorterOrEqualThanEight" classname="passwordvalidation.PasswordValidationTest" time="0.001">
    <error type="java.lang.NoClassDefFoundError"><![CDATA[java.lang.NoClassDefFoundError: org/junit/Assert
	at passwordvalidation.PasswordValidationTest.isTheLengthOfThePasswordShorterOrEqualThanEight(PasswordValidationTest.java:29)
Caused by: java.lang.ClassNotFoundException: org.junit.Assert
	at passwordvalidation.PasswordValidationTest.isTheLengthOfThePasswordShorterOrEqualThanEight(PasswordValidationTest.java:29)
]]></error>
  </testcase>
  <testcase name="countsNumberOfNums" classname="passwordvalidation.PasswordValidationTest" time="0">
    <error type="java.lang.NoClassDefFoundError"><![CDATA[java.lang.NoClassDefFoundError: org/junit/Assert
	at passwordvalidation.PasswordValidationTest.countsNumberOfNums(PasswordValidationTest.java:73)
Caused by: java.lang.ClassNotFoundException: org.junit.Assert
	at passwordvalidation.PasswordValidationTest.countsNumberOfNums(PasswordValidationTest.java:73)
]]></error>
  </testcase>
  <testcase name="doesThePassWordContainSmallCharReturnTrue" classname="passwordvalidation.PasswordValidationTest" time="0">
    <error type="java.lang.NoClassDefFoundError"><![CDATA[java.lang.NoClassDefFoundError: org/junit/Assert
	at passwordvalidation.PasswordValidationTest.doesThePassWordContainSmallCharReturnTrue(PasswordValidationTest.java:51)
Caused by: java.lang.ClassNotFoundException: org.junit.Assert
	at passwordvalidation.PasswordValidationTest.doesThePassWordContainSmallCharReturnTrue(PasswordValidationTest.java:51)
]]></error>
  </testcase>
</testsuite>