<?xml version="1.0" encoding="UTF-8"?>
<testsuite xmlns:xsi="http://www.w3.org/2001/XMLSchema-instance" xsi:noNamespaceSchemaLocation="https://maven.apache.org/surefire/maven-surefire-plugin/xsd/surefire-test-report-3.0.xsd" version="3.0" name="passwordvalidation.PasswordValidationTest" time="0.023" tests="7" errors="0" skipped="0" failures="0">
  <properties>
[...]
</properties>
  <testcase name="checksIfFourFollowingCharThenFalse" classname="passwordvalidation.PasswordValidationTest" time="0.011"/>
  <testcase name="isTheLengthOfThePasswordLongerOrEqualThanEight" classname="passwordvalidation.PasswordValidationTest" time="0.001"/>
  <testcase name="doesThePassWordContainBigCharReturnTrue" classname="passwordvalidation.PasswordValidationTest" time="0"/>
  <testcase name="doesThePassWordContainANumReturnTrue" classname="passwordvalidation.PasswordValidationTest" time="0"/>
  <testcase name="isTheLengthOfThePasswordShorterOrEqualThanEight" classname="passwordvalidation.PasswordValidationTest" time="0"/>
  <testcase name="countsNumberOfNums" classname="passwordvalidation.PasswordValidationTest" time="0"/>
  <testcase name="doesThePassWordContainSmallCharReturnTrue" classname="passwordvalidation.PasswordValidationTest" time="0"/>
</testsuite>