<?xml version="1.0" encoding="UTF-8"?>
<testsuite xmlns:xsi="http://www.w3.org/2001/XMLSchema-instance" xsi:noNamespaceSchemaLocation="https://maven.apache.org/surefire/maven-surefire-plugin/xsd/surefire-test-report-3.0.xsd" version="3.0" name="passwordvalidation.PasswordValidationTest" time="0.027" tests="7" errors="7" skipped="0" failures="0">
  <properties>
[...]
</properties>
  <testcase name="checksIfFourFollowingCharThenFalse" classname="passwordvalidation.PasswordValidationTest" time="0.011">
    <error type="java.lang.NoClassDefFoundError"><![CDATA[java.lang.NoClassDefFoundError: org/junit/Assert
	at passwordvalidation.PasswordValidationTest.checksIfFourFollowingCharThenFalse(PasswordValidationTest.java:84)
Caused by: java.lang.ClassNotFoundException: org.junit.Assert
	at passwordvalidation.PasswordValidationTest.checksIfFourFollowingCharThenFalse(PasswordValidationTest.java:84)
]]></error>
  </testcase>
  <testcase name="isTheLengthOfThePasswordLongerOrEqualThanEight" classname="passwordvalidation.PasswordValidationTest" time="0.001">
    <error type="java.lang.NoClassDefFoundError"><![CDATA[java.lang.NoClassDefFoundError: org/junit/Assert
	at passwordvalidation.PasswordValidationTest.isTheLengthOfThePasswordLongerOrEqualThanEight(PasswordValidationTest.java:18)
Caused by: java.lang.ClassNotFoundException: org.junit.Assert
	at passwordvalidation.PasswordValidationTest.isTheLengthOfThePasswordLongerOrEqualThanEight(PasswordValidationTest.java:18)
]]></error>
  </testcase>
  <testcase name="doesThePassWordContainBigCharReturnTrue" classname="passwordvalidation.PasswordValidationTest" time="0.001">
    <error type="java.lang.NoClassDefFoundError"><![CDATA[java.lang.NoClassDefFoundError: org/junit/Assert
	at passwordvalidation.PasswordValidationTest.doesThePassWordContainBigCharReturnTrue(PasswordValidationTest.java:62)
Caused by: java.lang.ClassNotFoundException: org.junit.Assert
	at passwordvalidation.PasswordValidationTest.doesThePassWordContainBigCharReturnTrue(PasswordValidationTest.java:62)
]]></error>
  </testcase>
  <testcase name="doesThePassWordContainANumReturnTrue" classname="passwordvalidation.PasswordValidationTest" time="0.002">
    <error type="java.lang.NoClassDefFoundError"><![CDATA[java.lang.NoClassDefFoundError: org/junit/Assert
	at passwordvalidation.PasswordValidationTest.doesThePassWordContainANumReturnTrue(PasswordValidationTest.java:40)
Caused by: java.lang.ClassNotFoundException: org.junit.Assert
	at passwordvalidation.PasswordValidationTest.doesThePassWordContainANumReturnTrue(PasswordValidationTest.java:40)
]]></error>
  </testcase>
  <testcase name="isTheLengthOfThePasswordShorterOrEqualThanEight" classname="passwordvalidation.PasswordValidationTest" time="0.001">
    <error type="java.lang.NoClassDefFoundError"><![CDATA[java.lang.NoClassDefFoundError: org/junit/Assert
	at passwordvalidation.PasswordValidationTest.isTheLengthOfThePasswordShorterOrEqualThanEight(PasswordValidationTest.java:29)
Caused by: java.lang.ClassNotFoundException: org.junit.Assert
	at passwordvalidation.PasswordValidationTest.isTheLengthOfThePasswordShorterOrEqualThanEight(PasswordValidationTest.java:29)
]]></error>
  </testcase>
  <testcase name="countsNumberOfNums" classname="passwordvalidation.PasswordValidationTest" time="0">
    <error type="java.lang.NoClassDefFoundError"><![CDATA[java.lang.NoClassDefFoundError: org/junit/Assert
	at passwordvalidation.PasswordValidationTest.countsNumberOfNums(PasswordValidationTest.java:73)
Caused by: java.lang.ClassNotFoundException: org.junit.Assert
	at passwordvalidation.PasswordValidationTest.countsNumberOfNums(PasswordValidationTest.java:73)
]]></error>
  </testcase>
  <testcase name="doesThePassWordContainSmallCharReturnTrue" classname="passwordvalidation.PasswordValidationTest" time="0">
    <error type="java.lang.NoClassDefFoundError"><![CDATA[java.lang.NoClassDefFoundError: org/junit/Assert
	at passwordvalidation.PasswordValidationTest.doesThePassWordContainSmallCharReturnTrue(PasswordValidationTest.java:51)
Caused by: java.lang.ClassNotFoundException: org.junit.Assert
	at passwordvalidation.PasswordValidationTest.doesThePassWordContainSmallCharReturnTrue(PasswordValidationTest.java:51)
]]></error>
  </testcase>
</testsuite>